Build started 28/05/2015 14:52:58.
     1>Project "C:\Projects\libdwarf\VS\libDWARF.vcxproj" on node 2 (Rebuild target(s)).
     1>_PrepareForClean:
         Deleting file "Debug\libDWARF.tlog\libDWARF.lastbuildstate".
       InitializeBuildStatus:
         Creating "Debug\libDWARF.tlog\unsuccessfulbuild" because "AlwaysCreate" was specified.
       ClCompile:
         C:\Program Files (x86)\Microsoft Visual Studio 12.0\VC\bin\CL.exe /c /IC:\Projects\libelf\lib\ /ZI /nologo /W3 /WX- /sdl /Od /Oy- /D WIN32 /D _DEBUG /D _LIB /D __LIBELF_INTERNAL__ /D LIBDWARF_EXPORTS /D _WINDLL /D _UNICODE /D UNICODE /Gm- /EHsc /RTC1 /MDd /GS- /fp:precise /Zc:wchar_t /Zc:forScope /Fo"Debug\\" /Fd"Debug\vc120.pdb" /Gd /TC /analyze- /errorReport:prompt ..\libdwarf\common.c ..\libdwarf\dwarf_abbrev.c ..\libdwarf\dwarf_addr_finder.c ..\libdwarf\dwarf_alloc.c ..\libdwarf\dwarf_arange.c ..\libdwarf\dwarf_die_deliv.c ..\libdwarf\dwarf_elf_access.c ..\libdwarf\dwarf_error.c ..\libdwarf\dwarf_form.c ..\libdwarf\dwarf_frame.c ..\libdwarf\dwarf_frame2.c ..\libdwarf\dwarf_frame3.c ..\libdwarf\dwarf_funcs.c ..\libdwarf\dwarf_gdbindex.c ..\libdwarf\dwarf_global.c ..\libdwarf\dwarf_harmless.c ..\libdwarf\dwarf_init_finish.c ..\libdwarf\dwarf_leb.c ..\libdwarf\dwarf_line.c ..\libdwarf\dwarf_line2.c ..\libdwarf\dwarf_loc.c ..\libdwarf\dwarf_macro.c ..\libdwarf\dwarf_original_elf_init.c ..\libdwarf\dwarf_print_lines.c ..\libdwarf\dwarf_pubtypes.c ..\libdwarf\dwarf_query.c ..\libdwarf\dwarf_ranges.c ..\libdwarf\dwarf_sort_line.c ..\libdwarf\dwarf_string.c ..\libdwarf\dwarf_stubs.c ..\libdwarf\dwarf_tsearchhash.c ..\libdwarf\dwarf_types.c ..\libdwarf\dwarf_util.c ..\libdwarf\dwarf_vars.c ..\libdwarf\dwarf_weaks.c ..\libdwarf\dwarf_xu_index.c ..\libdwarf\dwgetopt.c ..\libdwarf\gennames.c ..\libdwarf\malloc_check.c ..\libdwarf\pro_alloc.c ..\libdwarf\pro_arange.c ..\libdwarf\pro_die.c ..\libdwarf\pro_encode_nm.c ..\libdwarf\pro_error.c ..\libdwarf\pro_expr.c ..\libdwarf\pro_finish.c ..\libdwarf\pro_forms.c ..\libdwarf\pro_frame.c ..\libdwarf\pro_funcs.c ..\libdwarf\pro_init.c ..\libdwarf\pro_line.c ..\libdwarf\pro_macinfo.c ..\libdwarf\pro_pubnames.c ..\libdwarf\pro_reloc.c ..\libdwarf\pro_reloc_stream.c ..\libdwarf\pro_reloc_symbolic.c ..\libdwarf\pro_section.c ..\libdwarf\pro_types.c ..\libdwarf\pro_vars.c ..\libdwarf\pro_weaks.c
     1>cl : Command line warning D9025: overriding '/sdl' with '/GS-'
         common.c
     1>c:\projects\libdwarf\libdwarf\common.c(40): warning C4996: '_snprintf': This function or variable may be unsafe. Consider using _snprintf_s instead. To disable deprecation, use _CRT_SECURE_NO_WARNINGS. See online help for details.
                 c:\program files (x86)\microsoft visual studio 12.0\vc\include\stdio.h(346) : see declaration of '_snprintf'
         dwarf_abbrev.c
     1>c:\projects\libdwarf\libdwarf\dwarf_abbrev.c(122): warning C4244: '=' : conversion from 'Dwarf_Unsigned' to 'Dwarf_Word', possible loss of data
     1>c:\projects\libdwarf\libdwarf\dwarf_abbrev.c(179): warning C4244: '=' : conversion from 'Dwarf_Word' to 'Dwarf_Half', possible loss of data
     1>c:\projects\libdwarf\libdwarf\dwarf_abbrev.c(291): warning C4244: 'return' : conversion from 'Dwarf_Unsigned' to 'int', possible loss of data
         dwarf_addr_finder.c
         dwarf_alloc.c
     1>c:\projects\libdwarf\libdwarf\dwarf_alloc.c(348): warning C4244: 'function' : conversion from 'Dwarf_Signed' to 'size_t', possible loss of data
     1>c:\projects\libdwarf\libdwarf\dwarf_alloc.c(358): warning C4244: 'function' : conversion from 'Dwarf_Signed' to 'size_t', possible loss of data
     1>c:\projects\libdwarf\libdwarf\dwarf_alloc.c(447): warning C4244: '=' : conversion from 'Dwarf_Unsigned' to 'unsigned int', possible loss of data
         dwarf_arange.c
     1>c:\projects\libdwarf\libdwarf\dwarf_arange.c(156): warning C4244: '=' : conversion from 'Dwarf_Unsigned' to 'Dwarf_Small', possible loss of data
     1>c:\projects\libdwarf\libdwarf\dwarf_arange.c(238): warning C4996: '_snprintf': This function or variable may be unsafe. Consider using _snprintf_s instead. To disable deprecation, use _CRT_SECURE_NO_WARNINGS. See online help for details.
                 c:\program files (x86)\microsoft visual studio 12.0\vc\include\stdio.h(346) : see declaration of '_snprintf'
         dwarf_die_deliv.c
     1>c:\projects\libdwarf\libdwarf\dwarf_die_deliv.c(457): warning C4244: 'initializing' : conversion from 'Dwarf_Unsigned' to 'int', possible loss of data
     1>c:\projects\libdwarf\libdwarf\dwarf_die_deliv.c(749): warning C4996: '_snprintf': This function or variable may be unsafe. Consider using _snprintf_s instead. To disable deprecation, use _CRT_SECURE_NO_WARNINGS. See online help for details.
                 c:\program files (x86)\microsoft visual studio 12.0\vc\include\stdio.h(346) : see declaration of '_snprintf'
     1>c:\projects\libdwarf\libdwarf\dwarf_die_deliv.c(1721): warning C4244: '=' : conversion from 'Dwarf_Unsigned' to 'int', possible loss of data
         dwarf_elf_access.c
     1>c:\projects\libdwarf\libdwarf\dwarf_elf_access.c(200): warning C4244: '=' : conversion from 'Dwarf_Half' to 'Dwarf_Small', possible loss of data
     1>c:\projects\libdwarf\libdwarf\dwarf_elf_access.c(510): warning C4244: '=' : conversion from 'Dwarf_Unsigned' to 'unsigned int', possible loss of data
     1>c:\projects\libdwarf\libdwarf\dwarf_elf_access.c(874): warning C4244: '=' : conversion from 'Dwarf_ufixed64' to 'unsigned int', possible loss of data
     1>c:\projects\libdwarf\libdwarf\dwarf_elf_access.c(875): warning C4244: '=' : conversion from 'Dwarf_ufixed64' to 'unsigned int', possible loss of data
     1>c:\projects\libdwarf\libdwarf\dwarf_elf_access.c(920): warning C4244: 'function' : conversion from 'Dwarf_Unsigned' to 'size_t', possible loss of data
     1>c:\projects\libdwarf\libdwarf\dwarf_elf_access.c(1009): warning C4244: 'function' : conversion from 'Dwarf_Unsigned' to 'size_t', possible loss of data
     1>c:\projects\libdwarf\libdwarf\dwarf_elf_access.c(1014): warning C4244: 'function' : conversion from 'Dwarf_Unsigned' to 'size_t', possible loss of data
     1>c:\projects\libdwarf\libdwarf\dwarf_elf_access.c(1088): warning C4244: 'function' : conversion from 'Dwarf_Word' to 'Dwarf_Half', possible loss of data
     1>c:\projects\libdwarf\libdwarf\dwarf_elf_access.c(1097): warning C4244: 'function' : conversion from 'Dwarf_Word' to 'Dwarf_Half', possible loss of data
         dwarf_error.c
         dwarf_form.c
     1>c:\projects\libdwarf\libdwarf\dwarf_form.c(142): warning C4244: '=' : conversion from 'Dwarf_Unsigned' to 'int', possible loss of data
     1>c:\projects\libdwarf\libdwarf\dwarf_form.c(171): warning C4244: '=' : conversion from 'Dwarf_Unsigned' to 'int', possible loss of data
     1>c:\projects\libdwarf\libdwarf\dwarf_form.c(179): warning C4244: '=' : conversion from 'Dwarf_Signed' to 'Dwarf_sfixed', possible loss of data
         dwarf_frame.c
     1>c:\projects\libdwarf\libdwarf\dwarf_frame.c(1382): warning C4244: '=' : conversion from 'Dwarf_Half' to 'Dwarf_Small', possible loss of data
         dwarf_frame2.c
     1>c:\projects\libdwarf\libdwarf\dwarf_frame2.c(169): warning C4996: '_snprintf': This function or variable may be unsafe. Consider using _snprintf_s instead. To disable deprecation, use _CRT_SECURE_NO_WARNINGS. See online help for details.
                 c:\program files (x86)\microsoft visual studio 12.0\vc\include\stdio.h(346) : see declaration of '_snprintf'
     1>c:\projects\libdwarf\libdwarf\dwarf_frame2.c(681): warning C4244: '=' : conversion from 'Dwarf_Unsigned' to 'Dwarf_Small', possible loss of data
         dwarf_frame3.c
         dwarf_funcs.c
         dwarf_gdbindex.c
     1>c:\projects\libdwarf\libdwarf\dwarf_gdbindex.c(98): warning C4244: '=' : conversion from 'Dwarf_Unsigned' to 'int', possible loss of data
     1>c:\projects\libdwarf\libdwarf\dwarf_gdbindex.c(425): warning C4244: 'initializing' : conversion from 'Dwarf_Unsigned' to 'unsigned int', possible loss of data
     1>c:\projects\libdwarf\libdwarf\dwarf_gdbindex.c(453): warning C4244: 'initializing' : conversion from 'Dwarf_Unsigned' to 'unsigned int', possible loss of data
         dwarf_global.c
         dwarf_harmless.c
     1>c:\projects\libdwarf\libdwarf\dwarf_harmless.c(114): warning C4996: 'strncpy': This function or variable may be unsafe. Consider using strncpy_s instead. To disable deprecation, use _CRT_SECURE_NO_WARNINGS. See online help for details.
                 c:\program files (x86)\microsoft visual studio 12.0\vc\include\string.h(195) : see declaration of 'strncpy'
         dwarf_init_finish.c
     1>c:\projects\libdwarf\libdwarf\dwarf_init_finish.c(120): warning C4244: '=' : conversion from 'Dwarf_Unsigned' to 'Dwarf_Word', possible loss of data
     1>c:\projects\libdwarf\libdwarf\dwarf_init_finish.c(136): warning C4244: '=' : conversion from 'Dwarf_Unsigned' to 'Dwarf_Word', possible loss of data
     1>c:\projects\libdwarf\libdwarf\dwarf_init_finish.c(706): warning C4244: 'function' : conversion from 'Dwarf_Unsigned' to 'size_t', possible loss of data
     1>c:\projects\libdwarf\libdwarf\dwarf_init_finish.c(747): warning C4244: 'function' : conversion from 'Dwarf_Unsigned' to 'int', possible loss of data
     1>c:\projects\libdwarf\libdwarf\dwarf_init_finish.c(985): warning C4244: '=' : conversion from 'Dwarf_Unsigned' to 'int', possible loss of data
     1>c:\projects\libdwarf\libdwarf\dwarf_init_finish.c(1060): warning C4244: 'function' : conversion from 'Dwarf_Word' to 'Dwarf_Half', possible loss of data
     1>c:\projects\libdwarf\libdwarf\dwarf_init_finish.c(1075): warning C4244: 'function' : conversion from 'Dwarf_Word' to 'Dwarf_Half', possible loss of data
     1>c:\projects\libdwarf\libdwarf\dwarf_init_finish.c(1237): warning C4244: 'return' : conversion from 'Dwarf_Unsigned' to 'int', possible loss of data
         dwarf_leb.c
         dwarf_line.c
     1>c:\projects\libdwarf\libdwarf\dwarf_line.c(277): warning C4996: 'strcpy': This function or variable may be unsafe. Consider using strcpy_s instead. To disable deprecation, use _CRT_SECURE_NO_WARNINGS. See online help for details.
                 c:\program files (x86)\microsoft visual studio 12.0\vc\include\string.h(112) : see declaration of 'strcpy'
     1>c:\projects\libdwarf\libdwarf\dwarf_line.c(279): warning C4996: 'strcat': This function or variable may be unsafe. Consider using strcat_s instead. To disable deprecation, use _CRT_SECURE_NO_WARNINGS. See online help for details.
                 c:\program files (x86)\microsoft visual studio 12.0\vc\include\string.h(118) : see declaration of 'strcat'
     1>c:\projects\libdwarf\libdwarf\dwarf_line.c(280): warning C4996: 'strcat': This function or variable may be unsafe. Consider using strcat_s instead. To disable deprecation, use _CRT_SECURE_NO_WARNINGS. See online help for details.
                 c:\program files (x86)\microsoft visual studio 12.0\vc\include\string.h(118) : see declaration of 'strcat'
     1>c:\projects\libdwarf\libdwarf\dwarf_line.c(572): warning C4244: '=' : conversion from 'Dwarf_Unsigned' to 'Dwarf_Sword', possible loss of data
     1>c:\projects\libdwarf\libdwarf\dwarf_line.c(827): warning C4244: '=' : conversion from 'Dwarf_Unsigned' to 'Dwarf_Small', possible loss of data
     1>c:\projects\libdwarf\libdwarf\dwarf_line.c(1020): warning C4244: '=' : conversion from 'Dwarf_Unsigned' to 'Dwarf_Sword', possible loss of data
     1>c:\projects\libdwarf\libdwarf\dwarf_line.c(1319): warning C4996: 'strcpy': This function or variable may be unsafe. Consider using strcpy_s instead. To disable deprecation, use _CRT_SECURE_NO_WARNINGS. See online help for details.
                 c:\program files (x86)\microsoft visual studio 12.0\vc\include\string.h(112) : see declaration of 'strcpy'
     1>c:\projects\libdwarf\libdwarf\dwarf_line.c(1320): warning C4996: 'strcat': This function or variable may be unsafe. Consider using strcat_s instead. To disable deprecation, use _CRT_SECURE_NO_WARNINGS. See online help for details.
                 c:\program files (x86)\microsoft visual studio 12.0\vc\include\string.h(118) : see declaration of 'strcat'
     1>c:\projects\libdwarf\libdwarf\dwarf_line.c(1322): warning C4996: 'strcat': This function or variable may be unsafe. Consider using strcat_s instead. To disable deprecation, use _CRT_SECURE_NO_WARNINGS. See online help for details.
                 c:\program files (x86)\microsoft visual studio 12.0\vc\include\string.h(118) : see declaration of 'strcat'
     1>c:\projects\libdwarf\libdwarf\dwarf_line.c(1358): warning C4996: 'strcpy': This function or variable may be unsafe. Consider using strcpy_s instead. To disable deprecation, use _CRT_SECURE_NO_WARNINGS. See online help for details.
                 c:\program files (x86)\microsoft visual studio 12.0\vc\include\string.h(112) : see declaration of 'strcpy'
     1>c:\projects\libdwarf\libdwarf\dwarf_line.c(1370): warning C4996: 'strcpy': This function or variable may be unsafe. Consider using strcpy_s instead. To disable deprecation, use _CRT_SECURE_NO_WARNINGS. See online help for details.
                 c:\program files (x86)\microsoft visual studio 12.0\vc\include\string.h(112) : see declaration of 'strcpy'
     1>c:\projects\libdwarf\libdwarf\dwarf_line.c(1372): warning C4996: 'strcat': This function or variable may be unsafe. Consider using strcat_s instead. To disable deprecation, use _CRT_SECURE_NO_WARNINGS. See online help for details.
                 c:\program files (x86)\microsoft visual studio 12.0\vc\include\string.h(118) : see declaration of 'strcat'
     1>c:\projects\libdwarf\libdwarf\dwarf_line.c(1373): warning C4996: 'strcat': This function or variable may be unsafe. Consider using strcat_s instead. To disable deprecation, use _CRT_SECURE_NO_WARNINGS. See online help for details.
                 c:\program files (x86)\microsoft visual studio 12.0\vc\include\string.h(118) : see declaration of 'strcat'
     1>c:\projects\libdwarf\libdwarf\dwarf_line.c(1374): warning C4996: 'strcat': This function or variable may be unsafe. Consider using strcat_s instead. To disable deprecation, use _CRT_SECURE_NO_WARNINGS. See online help for details.
                 c:\program files (x86)\microsoft visual studio 12.0\vc\include\string.h(118) : see declaration of 'strcat'
     1>c:\projects\libdwarf\libdwarf\dwarf_line.c(1879): warning C4244: 'function' : conversion from 'Dwarf_Unsigned' to 'size_t', possible loss of data
     1>c:\projects\libdwarf\libdwarf\dwarf_line.c(1885): warning C4244: 'function' : conversion from 'Dwarf_Unsigned' to 'size_t', possible loss of data
     1>c:\projects\libdwarf\libdwarf\dwarf_line.c(1897): warning C4244: 'function' : conversion from 'Dwarf_Unsigned' to 'size_t', possible loss of data
     1>c:\projects\libdwarf\libdwarf\dwarf_line.c(1905): warning C4244: 'function' : conversion from 'Dwarf_Unsigned' to 'size_t', possible loss of data
     1>c:\projects\libdwarf\libdwarf\dwarf_line.c(1924): warning C4244: 'function' : conversion from 'Dwarf_Unsigned' to 'size_t', possible loss of data
     1>c:\projects\libdwarf\libdwarf\dwarf_line.c(1930): warning C4244: 'function' : conversion from 'Dwarf_Unsigned' to 'size_t', possible loss of data
     1>c:\projects\libdwarf\libdwarf\dwarf_line.c(1950): warning C4244: 'function' : conversion from 'Dwarf_Unsigned' to 'size_t', possible loss of data
     1>c:\projects\libdwarf\libdwarf\dwarf_line.c(1957): warning C4244: 'function' : conversion from 'Dwarf_Unsigned' to 'size_t', possible loss of data
         dwarf_line2.c
         Generating Code...
     1>c:\projects\libdwarf\libdwarf\dwarf_form.c(457): warning C4716: 'dwarf_formsig8_const' : must return a value
     1>c:\projects\libdwarf\libdwarf\dwarf_form.c(472): warning C4716: 'dwarf_formsig8' : must return a value
         Compiling...
         dwarf_loc.c
     1>c:\projects\libdwarf\libdwarf\dwarf_loc.c(542): warning C4244: 'initializing' : conversion from 'Dwarf_Half' to 'Dwarf_Small', possible loss of data
     1>c:\projects\libdwarf\libdwarf\dwarf_loc.c(544): warning C4244: '=' : conversion from 'Dwarf_Half' to 'Dwarf_Small', possible loss of data
     1>c:\projects\libdwarf\libdwarf\dwarf_loc.c(694): warning C4244: '=' : conversion from 'Dwarf_Unsigned' to 'Dwarf_Half', possible loss of data
     1>c:\projects\libdwarf\libdwarf\dwarf_loc.c(984): warning C4244: 'function' : conversion from 'Dwarf_Half' to 'Dwarf_Small', possible loss of data
     1>c:\projects\libdwarf\libdwarf\dwarf_loc.c(1032): warning C4244: 'function' : conversion from 'Dwarf_Half' to 'Dwarf_Small', possible loss of data
     1>c:\projects\libdwarf\libdwarf\dwarf_loc.c(1170): warning C4244: 'function' : conversion from 'Dwarf_Half' to 'Dwarf_Small', possible loss of data
     1>c:\projects\libdwarf\libdwarf\dwarf_loc.c(1245): warning C4244: '=' : conversion from 'Dwarf_Half' to 'Dwarf_Small', possible loss of data
         dwarf_macro.c
     1>c:\projects\libdwarf\libdwarf\dwarf_macro.c(404): warning C4996: 'strcpy': This function or variable may be unsafe. Consider using strcpy_s instead. To disable deprecation, use _CRT_SECURE_NO_WARNINGS. See online help for details.
                 c:\program files (x86)\microsoft visual studio 12.0\vc\include\string.h(112) : see declaration of 'strcpy'
         dwarf_original_elf_init.c
         dwarf_print_lines.c
     1>c:\projects\libdwarf\libdwarf\dwarf_print_lines.c(330): warning C4996: 'ctime': This function or variable may be unsafe. Consider using ctime_s instead. To disable deprecation, use _CRT_SECURE_NO_WARNINGS. See online help for details.
                 c:\program files (x86)\microsoft visual studio 12.0\vc\include\time.inl(86) : see declaration of 'ctime'
     1>c:\projects\libdwarf\libdwarf\dwarf_print_lines.c(427): warning C4996: 'sprintf': This function or variable may be unsafe. Consider using sprintf_s instead. To disable deprecation, use _CRT_SECURE_NO_WARNINGS. See online help for details.
                 c:\program files (x86)\microsoft visual studio 12.0\vc\include\stdio.h(356) : see declaration of 'sprintf'
     1>c:\projects\libdwarf\libdwarf\dwarf_print_lines.c(572): warning C4244: '=' : conversion from 'Dwarf_Unsigned' to 'Dwarf_Small', possible loss of data
     1>c:\projects\libdwarf\libdwarf\dwarf_print_lines.c(664): warning C4996: 'ctime': This function or variable may be unsafe. Consider using ctime_s instead. To disable deprecation, use _CRT_SECURE_NO_WARNINGS. See online help for details.
                 c:\program files (x86)\microsoft visual studio 12.0\vc\include\time.inl(86) : see declaration of 'ctime'
         dwarf_pubtypes.c
         dwarf_query.c
         dwarf_ranges.c
         dwarf_sort_line.c
     1>c:\projects\libdwarf\libdwarf\dwarf_sort_line.c(350): warning C4244: '=' : conversion from 'Dwarf_Unsigned' to 'int', possible loss of data
     1>c:\projects\libdwarf\libdwarf\dwarf_sort_line.c(498): warning C4244: '=' : conversion from 'Dwarf_Unsigned' to 'Dwarf_Small', possible loss of data
     1>c:\projects\libdwarf\libdwarf\dwarf_sort_line.c(647): warning C4244: 'function' : conversion from 'Dwarf_Unsigned' to 'size_t', possible loss of data
         dwarf_string.c
         dwarf_stubs.c
         dwarf_tsearchhash.c
     1>c:\projects\libdwarf\libdwarf\dwarf_tsearchhash.c(172): warning C4244: 'initializing' : conversion from 'unsigned __int64' to 'unsigned long', possible loss of data
     1>c:\projects\libdwarf\libdwarf\dwarf_tsearchhash.c(187): warning C4244: '=' : conversion from 'unsigned __int64' to 'unsigned long', possible loss of data
     1>c:\projects\libdwarf\libdwarf\dwarf_tsearchhash.c(190): warning C4244: '=' : conversion from 'unsigned __int64' to 'unsigned long', possible loss of data
     1>c:\projects\libdwarf\libdwarf\dwarf_tsearchhash.c(330): warning C4244: '=' : conversion from 'unsigned __int64' to 'unsigned long', possible loss of data
         dwarf_types.c
         dwarf_util.c
     1>c:\projects\libdwarf\libdwarf\dwarf_util.c(307): warning C4244: 'initializing' : conversion from 'Dwarf_Unsigned' to 'unsigned int', possible loss of data
     1>c:\projects\libdwarf\libdwarf\dwarf_util.c(407): warning C4244: '=' : conversion from 'Dwarf_Unsigned' to 'unsigned int', possible loss of data
     1>c:\projects\libdwarf\libdwarf\dwarf_util.c(468): warning C4244: '=' : conversion from 'Dwarf_Unsigned' to 'unsigned int', possible loss of data
     1>c:\projects\libdwarf\libdwarf\dwarf_util.c(479): warning C4244: '=' : conversion from 'Dwarf_Unsigned' to 'Dwarf_Half', possible loss of data
     1>c:\projects\libdwarf\libdwarf\dwarf_util.c(841): warning C4996: 'vsnprintf': This function or variable may be unsafe. Consider using vsnprintf_s instead. To disable deprecation, use _CRT_SECURE_NO_WARNINGS. See online help for details.
                 c:\program files (x86)\microsoft visual studio 12.0\vc\include\stdio.h(337) : see declaration of 'vsnprintf'
         dwarf_vars.c
         dwarf_weaks.c
         dwarf_xu_index.c
     1>c:\projects\libdwarf\libdwarf\dwarf_xu_index.c(136): warning C4996: 'strcpy': This function or variable may be unsafe. Consider using strcpy_s instead. To disable deprecation, use _CRT_SECURE_NO_WARNINGS. See online help for details.
                 c:\program files (x86)\microsoft visual studio 12.0\vc\include\string.h(112) : see declaration of 'strcpy'
     1>c:\projects\libdwarf\libdwarf\dwarf_xu_index.c(398): warning C4244: '=' : conversion from 'Dwarf_Unsigned' to 'int', possible loss of data
     1>c:\projects\libdwarf\libdwarf\dwarf_xu_index.c(471): warning C4244: 'initializing' : conversion from 'Dwarf_Unsigned' to 'unsigned int', possible loss of data
     1>c:\projects\libdwarf\libdwarf\dwarf_xu_index.c(483): warning C4244: '=' : conversion from 'Dwarf_Unsigned' to 'unsigned int', possible loss of data
     1>c:\projects\libdwarf\libdwarf\dwarf_xu_index.c(485): warning C4244: '=' : conversion from 'Dwarf_Unsigned' to 'unsigned int', possible loss of data
         dwgetopt.c
         gennames.c
     1>c:\projects\libdwarf\libdwarf\gennames.c(213): warning C4996: '_snprintf': This function or variable may be unsafe. Consider using _snprintf_s instead. To disable deprecation, use _CRT_SECURE_NO_WARNINGS. See online help for details.
                 c:\program files (x86)\microsoft visual studio 12.0\vc\include\stdio.h(346) : see declaration of '_snprintf'
     1>c:\projects\libdwarf\libdwarf\gennames.c(214): warning C4996: 'fopen': This function or variable may be unsafe. Consider using fopen_s instead. To disable deprecation, use _CRT_SECURE_NO_WARNINGS. See online help for details.
                 c:\program files (x86)\microsoft visual studio 12.0\vc\include\stdio.h(211) : see declaration of 'fopen'
     1>c:\projects\libdwarf\libdwarf\gennames.c(456): warning C4996: 'strncpy': This function or variable may be unsafe. Consider using strncpy_s instead. To disable deprecation, use _CRT_SECURE_NO_WARNINGS. See online help for details.
                 c:\program files (x86)\microsoft visual studio 12.0\vc\include\string.h(195) : see declaration of 'strncpy'
     1>c:\projects\libdwarf\libdwarf\gennames.c(492): warning C4996: 'sscanf': This function or variable may be unsafe. Consider using sscanf_s instead. To disable deprecation, use _CRT_SECURE_NO_WARNINGS. See online help for details.
                 c:\program files (x86)\microsoft visual studio 12.0\vc\include\stdio.h(304) : see declaration of 'sscanf'
     1>c:\projects\libdwarf\libdwarf\gennames.c(510): warning C4996: 'strcpy': This function or variable may be unsafe. Consider using strcpy_s instead. To disable deprecation, use _CRT_SECURE_NO_WARNINGS. See online help for details.
                 c:\program files (x86)\microsoft visual studio 12.0\vc\include\string.h(112) : see declaration of 'strcpy'
     1>c:\projects\libdwarf\libdwarf\gennames.c(523): warning C4996: 'strcpy': This function or variable may be unsafe. Consider using strcpy_s instead. To disable deprecation, use _CRT_SECURE_NO_WARNINGS. See online help for details.
                 c:\program files (x86)\microsoft visual studio 12.0\vc\include\string.h(112) : see declaration of 'strcpy'
         malloc_check.c
         pro_alloc.c
     1>c:\projects\libdwarf\libdwarf\pro_alloc.c(76): warning C4244: 'function' : conversion from 'Dwarf_Unsigned' to 'size_t', possible loss of data
     1>c:\projects\libdwarf\libdwarf\pro_alloc.c(84): warning C4244: 'function' : conversion from 'Dwarf_Unsigned' to 'size_t', possible loss of data
         Generating Code...
         Compiling...
         pro_arange.c
     1>c:\projects\libdwarf\libdwarf\pro_arange.c(146): warning C4244: '=' : conversion from 'Dwarf_Unsigned' to 'Dwarf_Small', possible loss of data
         pro_die.c
     1>c:\projects\libdwarf\libdwarf\pro_die.c(278): warning C4996: 'strcpy': This function or variable may be unsafe. Consider using strcpy_s instead. To disable deprecation, use _CRT_SECURE_NO_WARNINGS. See online help for details.
                 c:\program files (x86)\microsoft visual studio 12.0\vc\include\string.h(112) : see declaration of 'strcpy'
     1>c:\projects\libdwarf\libdwarf\pro_die.c(324): warning C4996: 'strcpy': This function or variable may be unsafe. Consider using strcpy_s instead. To disable deprecation, use _CRT_SECURE_NO_WARNINGS. See online help for details.
                 c:\program files (x86)\microsoft visual studio 12.0\vc\include\string.h(112) : see declaration of 'strcpy'
         pro_encode_nm.c
         pro_error.c
         pro_expr.c
     1>c:\projects\libdwarf\libdwarf\pro_expr.c(450): warning C4244: '=' : conversion from 'Dwarf_Unsigned' to 'int', possible loss of data
         pro_finish.c
         pro_forms.c
     1>c:\projects\libdwarf\libdwarf\pro_forms.c(184): warning C4244: '=' : conversion from 'Dwarf_Signed' to 'Dwarf_Half', possible loss of data
     1>c:\projects\libdwarf\libdwarf\pro_forms.c(284): warning C4244: '=' : conversion from 'Dwarf_Unsigned' to 'int', possible loss of data
     1>c:\projects\libdwarf\libdwarf\pro_forms.c(412): warning C4244: 'function' : conversion from 'Dwarf_Unsigned' to 'size_t', possible loss of data
     1>c:\projects\libdwarf\libdwarf\pro_forms.c(659): warning C4244: '=' : conversion from 'Dwarf_Unsigned' to 'unsigned int', possible loss of data
     1>c:\projects\libdwarf\libdwarf\pro_forms.c(1022): warning C4996: 'strcpy': This function or variable may be unsafe. Consider using strcpy_s instead. To disable deprecation, use _CRT_SECURE_NO_WARNINGS. See online help for details.
                 c:\program files (x86)\microsoft visual studio 12.0\vc\include\string.h(112) : see declaration of 'strcpy'
     1>c:\projects\libdwarf\libdwarf\pro_forms.c(1062): warning C4996: 'strcpy': This function or variable may be unsafe. Consider using strcpy_s instead. To disable deprecation, use _CRT_SECURE_NO_WARNINGS. See online help for details.
                 c:\program files (x86)\microsoft visual studio 12.0\vc\include\string.h(112) : see declaration of 'strcpy'
     1>c:\projects\libdwarf\libdwarf\pro_forms.c(1139): warning C4996: 'strcpy': This function or variable may be unsafe. Consider using strcpy_s instead. To disable deprecation, use _CRT_SECURE_NO_WARNINGS. See online help for details.
                 c:\program files (x86)\microsoft visual studio 12.0\vc\include\string.h(112) : see declaration of 'strcpy'
         pro_frame.c
     1>c:\projects\libdwarf\libdwarf\pro_frame.c(249): warning C4244: 'function' : conversion from 'Dwarf_Unsigned' to 'size_t', possible loss of data
     1>c:\projects\libdwarf\libdwarf\pro_frame.c(251): warning C4244: '+=' : conversion from 'Dwarf_Unsigned' to 'long', possible loss of data
     1>c:\projects\libdwarf\libdwarf\pro_frame.c(295): warning C4244: '=' : conversion from 'Dwarf_Unsigned' to 'Dwarf_Ubyte', possible loss of data
     1>c:\projects\libdwarf\libdwarf\pro_frame.c(378): warning C4244: '=' : conversion from 'Dwarf_Unsigned' to 'Dwarf_Ubyte', possible loss of data
     1>c:\projects\libdwarf\libdwarf\pro_frame.c(384): warning C4244: '=' : conversion from 'Dwarf_Unsigned' to 'Dwarf_Ubyte', possible loss of data
     1>c:\projects\libdwarf\libdwarf\pro_frame.c(396): warning C4244: '=' : conversion from 'Dwarf_Unsigned' to 'Dwarf_Half', possible loss of data
     1>c:\projects\libdwarf\libdwarf\pro_frame.c(433): warning C4244: '=' : conversion from 'Dwarf_Unsigned' to 'Dwarf_Ubyte', possible loss of data
         pro_funcs.c
         pro_init.c
         pro_line.c
     1>c:\projects\libdwarf\libdwarf\pro_line.c(274): warning C4996: 'strcpy': This function or variable may be unsafe. Consider using strcpy_s instead. To disable deprecation, use _CRT_SECURE_NO_WARNINGS. See online help for details.
                 c:\program files (x86)\microsoft visual studio 12.0\vc\include\string.h(112) : see declaration of 'strcpy'
     1>c:\projects\libdwarf\libdwarf\pro_line.c(324): warning C4996: 'strcpy': This function or variable may be unsafe. Consider using strcpy_s instead. To disable deprecation, use _CRT_SECURE_NO_WARNINGS. See online help for details.
                 c:\program files (x86)\microsoft visual studio 12.0\vc\include\string.h(112) : see declaration of 'strcpy'
         pro_macinfo.c
         pro_pubnames.c
         pro_reloc.c
         pro_reloc_stream.c
         pro_reloc_symbolic.c
         pro_section.c
     1>c:\projects\libdwarf\libdwarf\pro_section.c(446): warning C4244: '+=' : conversion from 'Dwarf_Signed' to 'int', possible loss of data
     1>c:\projects\libdwarf\libdwarf\pro_section.c(459): warning C4244: 'function' : conversion from 'Dwarf_Unsigned' to 'unsigned long', possible loss of data
     1>c:\projects\libdwarf\libdwarf\pro_section.c(461): warning C4244: 'function' : conversion from 'Dwarf_Unsigned' to 'size_t', possible loss of data
     1>c:\projects\libdwarf\libdwarf\pro_section.c(462): warning C4244: 'return' : conversion from 'Dwarf_Unsigned' to 'unsigned int', possible loss of data
     1>c:\projects\libdwarf\libdwarf\pro_section.c(676): warning C4996: 'strcpy': This function or variable may be unsafe. Consider using strcpy_s instead. To disable deprecation, use _CRT_SECURE_NO_WARNINGS. See online help for details.
                 c:\program files (x86)\microsoft visual studio 12.0\vc\include\string.h(112) : see declaration of 'strcpy'
     1>c:\projects\libdwarf\libdwarf\pro_section.c(686): warning C4996: 'strcpy': This function or variable may be unsafe. Consider using strcpy_s instead. To disable deprecation, use _CRT_SECURE_NO_WARNINGS. See online help for details.
                 c:\program files (x86)\microsoft visual studio 12.0\vc\include\string.h(112) : see declaration of 'strcpy'
     1>c:\projects\libdwarf\libdwarf\pro_section.c(1119): warning C4996: 'strcpy': This function or variable may be unsafe. Consider using strcpy_s instead. To disable deprecation, use _CRT_SECURE_NO_WARNINGS. See online help for details.
                 c:\program files (x86)\microsoft visual studio 12.0\vc\include\string.h(112) : see declaration of 'strcpy'
     1>c:\projects\libdwarf\libdwarf\pro_section.c(1336): warning C4244: 'initializing' : conversion from 'Dwarf_Unsigned' to 'unsigned long', possible loss of data
     1>c:\projects\libdwarf\libdwarf\pro_section.c(1437): warning C4244: '=' : conversion from 'Dwarf_Signed' to 'int', possible loss of data
     1>c:\projects\libdwarf\libdwarf\pro_section.c(1819): warning C4244: '=' : conversion from 'Dwarf_Unsigned' to 'unsigned int', possible loss of data
     1>c:\projects\libdwarf\libdwarf\pro_section.c(1831): warning C4244: '=' : conversion from 'Dwarf_Unsigned' to 'Dwarf_Ubyte', possible loss of data
     1>c:\projects\libdwarf\libdwarf\pro_section.c(1843): warning C4244: '=' : conversion from 'Dwarf_Unsigned' to 'Dwarf_Half', possible loss of data
     1>c:\projects\libdwarf\libdwarf\pro_section.c(1901): warning C4244: 'function' : conversion from 'Dwarf_Unsigned' to 'size_t', possible loss of data
     1>c:\projects\libdwarf\libdwarf\pro_section.c(1907): warning C4244: '+=' : conversion from 'Dwarf_Unsigned' to 'unsigned int', possible loss of data
     1>c:\projects\libdwarf\libdwarf\pro_section.c(2118): warning C4244: 'initializing' : conversion from 'Dwarf_Unsigned' to 'int', possible loss of data
         pro_types.c
     1>c:\projects\libdwarf\libdwarf\pro_types.c(98): warning C4996: 'strcpy': This function or variable may be unsafe. Consider using strcpy_s instead. To disable deprecation, use _CRT_SECURE_NO_WARNINGS. See online help for details.
                 c:\program files (x86)\microsoft visual studio 12.0\vc\include\string.h(112) : see declaration of 'strcpy'
     1>c:\projects\libdwarf\libdwarf\pro_types.c(266): warning C4996: 'strcpy': This function or variable may be unsafe. Consider using strcpy_s instead. To disable deprecation, use _CRT_SECURE_NO_WARNINGS. See online help for details.
                 c:\program files (x86)\microsoft visual studio 12.0\vc\include\string.h(112) : see declaration of 'strcpy'
         pro_vars.c
         pro_weaks.c
         Generating Code...
       Link:
         C:\Program Files (x86)\Microsoft Visual Studio 12.0\VC\bin\link.exe /ERRORREPORT:PROMPT /OUT:"C:\Projects\libdwarf\VS\Debug\libDWARF.dll" /INCREMENTAL /NOLOGO C:\Projects\libdwarf\VS\libELF.lib kernel32.lib user32.lib gdi32.lib winspool.lib comdlg32.lib advapi32.lib shell32.lib ole32.lib oleaut32.lib uuid.lib odbc32.lib odbccp32.lib /MANIFEST /MANIFESTUAC:"level='asInvoker' uiAccess='false'" /manifest:embed /DEBUG /PDB:"C:\Projects\libdwarf\VS\Debug\libDWARF.pdb" /SUBSYSTEM:WINDOWS /TLBID:1 /DYNAMICBASE /NXCOMPAT /IMPLIB:"C:\Projects\libdwarf\VS\Debug\libDWARF.lib" /MACHINE:X86 /DLL Debug\common.obj
         Debug\dwarf_abbrev.obj
         Debug\dwarf_addr_finder.obj
         Debug\dwarf_alloc.obj
         Debug\dwarf_arange.obj
         Debug\dwarf_die_deliv.obj
         Debug\dwarf_elf_access.obj
         Debug\dwarf_error.obj
         Debug\dwarf_form.obj
         Debug\dwarf_frame.obj
         Debug\dwarf_frame2.obj
         Debug\dwarf_frame3.obj
         Debug\dwarf_funcs.obj
         Debug\dwarf_gdbindex.obj
         Debug\dwarf_global.obj
         Debug\dwarf_harmless.obj
         Debug\dwarf_init_finish.obj
         Debug\dwarf_leb.obj
         Debug\dwarf_line.obj
         Debug\dwarf_line2.obj
         Debug\dwarf_loc.obj
         Debug\dwarf_macro.obj
         Debug\dwarf_original_elf_init.obj
         Debug\dwarf_print_lines.obj
         Debug\dwarf_pubtypes.obj
         Debug\dwarf_query.obj
         Debug\dwarf_ranges.obj
         Debug\dwarf_sort_line.obj
         Debug\dwarf_string.obj
         Debug\dwarf_stubs.obj
         Debug\dwarf_tsearchhash.obj
         Debug\dwarf_types.obj
         Debug\dwarf_util.obj
         Debug\dwarf_vars.obj
         Debug\dwarf_weaks.obj
         Debug\dwarf_xu_index.obj
         Debug\dwgetopt.obj
         Debug\gennames.obj
         Debug\malloc_check.obj
         Debug\pro_alloc.obj
         Debug\pro_arange.obj
         Debug\pro_die.obj
         Debug\pro_encode_nm.obj
         Debug\pro_error.obj
         Debug\pro_expr.obj
         Debug\pro_finish.obj
         Debug\pro_forms.obj
         Debug\pro_frame.obj
         Debug\pro_funcs.obj
         Debug\pro_init.obj
         Debug\pro_line.obj
         Debug\pro_macinfo.obj
         Debug\pro_pubnames.obj
         Debug\pro_reloc.obj
         Debug\pro_reloc_stream.obj
         Debug\pro_reloc_symbolic.obj
         Debug\pro_section.obj
         Debug\pro_types.obj
         Debug\pro_vars.obj
         Debug\pro_weaks.obj
         libDWARF.vcxproj -> C:\Projects\libdwarf\VS\Debug\libDWARF.dll
       FinalizeBuildStatus:
         Deleting file "Debug\libDWARF.tlog\unsuccessfulbuild".
         Touching "Debug\libDWARF.tlog\libDWARF.lastbuildstate".
     1>Done Building Project "C:\Projects\libdwarf\VS\libDWARF.vcxproj" (Rebuild target(s)).

Build succeeded.

Time Elapsed 00:00:03.84
