c:\projects\libdwarf\vs\debug\vc120.pdb
c:\projects\libdwarf\vs\debug\vc120.idb
c:\projects\libdwarf\vs\debug\dwarf_line2.obj
c:\projects\libdwarf\vs\debug\dwarf_line.obj
c:\projects\libdwarf\vs\debug\dwarf_leb.obj
c:\projects\libdwarf\vs\debug\dwarf_harmless.obj
c:\projects\libdwarf\vs\debug\dwarf_global.obj
c:\projects\libdwarf\vs\debug\dwarf_gdbindex.obj
c:\projects\libdwarf\vs\debug\dwarf_funcs.obj
c:\projects\libdwarf\vs\debug\dwarf_frame3.obj
c:\projects\libdwarf\vs\debug\dwarf_frame2.obj
c:\projects\libdwarf\vs\debug\dwarf_frame.obj
c:\projects\libdwarf\vs\debug\dwarf_form.obj
c:\projects\libdwarf\vs\debug\dwarf_error.obj
c:\projects\libdwarf\vs\debug\dwarf_die_deliv.obj
c:\projects\libdwarf\vs\debug\dwarf_arange.obj
c:\projects\libdwarf\vs\debug\dwarf_alloc.obj
c:\projects\libdwarf\vs\debug\dwarf_addr_finder.obj
c:\projects\libdwarf\vs\debug\dwarf_abbrev.obj
c:\projects\libdwarf\vs\debug\common.obj
c:\projects\libdwarf\vs\debug\pro_alloc.obj
c:\projects\libdwarf\vs\debug\malloc_check.obj
c:\projects\libdwarf\vs\debug\gennames.obj
c:\projects\libdwarf\vs\debug\dwgetopt.obj
c:\projects\libdwarf\vs\debug\dwarf_xu_index.obj
c:\projects\libdwarf\vs\debug\dwarf_weaks.obj
c:\projects\libdwarf\vs\debug\dwarf_vars.obj
c:\projects\libdwarf\vs\debug\dwarf_util.obj
c:\projects\libdwarf\vs\debug\dwarf_types.obj
c:\projects\libdwarf\vs\debug\dwarf_tsearchhash.obj
c:\projects\libdwarf\vs\debug\dwarf_stubs.obj
c:\projects\libdwarf\vs\debug\dwarf_string.obj
c:\projects\libdwarf\vs\debug\dwarf_sort_line.obj
c:\projects\libdwarf\vs\debug\dwarf_ranges.obj
c:\projects\libdwarf\vs\debug\dwarf_query.obj
c:\projects\libdwarf\vs\debug\dwarf_pubtypes.obj
c:\projects\libdwarf\vs\debug\dwarf_print_lines.obj
c:\projects\libdwarf\vs\debug\dwarf_macro.obj
c:\projects\libdwarf\vs\debug\dwarf_loc.obj
c:\projects\libdwarf\vs\debug\pro_weaks.obj
c:\projects\libdwarf\vs\debug\pro_vars.obj
c:\projects\libdwarf\vs\debug\pro_types.obj
c:\projects\libdwarf\vs\debug\pro_reloc.obj
c:\projects\libdwarf\vs\debug\pro_pubnames.obj
c:\projects\libdwarf\vs\debug\pro_macinfo.obj
c:\projects\libdwarf\vs\debug\pro_line.obj
c:\projects\libdwarf\vs\debug\pro_funcs.obj
c:\projects\libdwarf\vs\debug\pro_frame.obj
c:\projects\libdwarf\vs\debug\pro_forms.obj
c:\projects\libdwarf\vs\debug\pro_finish.obj
c:\projects\libdwarf\vs\debug\pro_expr.obj
c:\projects\libdwarf\vs\debug\pro_error.obj
c:\projects\libdwarf\vs\debug\pro_encode_nm.obj
c:\projects\libdwarf\vs\debug\pro_die.obj
c:\projects\libdwarf\vs\debug\pro_arange.obj
c:\projects\libdwarf\vs\debug\dwarf_init_finish.obj
c:\projects\libdwarf\vs\debug\dwarf_elf_access.obj
c:\projects\libdwarf\vs\debug\dwarf_original_elf_init.obj
c:\projects\libdwarf\vs\debug\pro_section.obj
c:\projects\libdwarf\vs\debug\pro_reloc_symbolic.obj
c:\projects\libdwarf\vs\debug\pro_reloc_stream.obj
c:\projects\libdwarf\vs\debug\pro_init.obj
c:\projects\libdwarf\vs\debug\libdwarf.ilk
c:\projects\libdwarf\vs\debug\libdwarf.dll
c:\projects\libdwarf\vs\debug\libdwarf.pdb
c:\projects\libdwarf\vs\debug\libdwarf.tlog\cl.command.1.tlog
c:\projects\libdwarf\vs\debug\libdwarf.tlog\cl.read.1.tlog
c:\projects\libdwarf\vs\debug\libdwarf.tlog\cl.write.1.tlog
c:\projects\libdwarf\vs\debug\libdwarf.tlog\link.command.1.tlog
c:\projects\libdwarf\vs\debug\libdwarf.tlog\link.read.1.tlog
c:\projects\libdwarf\vs\debug\libdwarf.tlog\link.write.1.tlog
